This is pdfTeX, Version 3.141592653-2.6-1.40.25 (TeX Live 2023) (preloaded format=pdflatex 2023.7.16)  9 SEP 2023 23:16
entering extended mode
 restricted \write18 enabled.
 %&-line parsing enabled.
**thesis.tex
(./thesis.tex
LaTeX2e <2023-06-01> patch level 1
L3 programming layer <2023-06-30>
(c:/texlive/2023/texmf-dist/tex/latex/base/book.cls
Document Class: book 2023/05/17 v1.4n Standard LaTeX document class
(c:/texlive/2023/texmf-dist/tex/latex/base/bk10.clo
File: bk10.clo 2023/05/17 v1.4n Standard LaTeX file (size option)
)
\c@part=\count185
\c@chapter=\count186
\c@section=\count187
\c@subsection=\count188
\c@subsubsection=\count189
\c@paragraph=\count190
\c@subparagraph=\count191
\c@figure=\count192
\c@table=\count193
\abovecaptionskip=\skip48
\belowcaptionskip=\skip49
\bibindent=\dimen140
) (./config/packages.tex
(c:/texlive/2023/texmf-dist/tex/generic/colorprofiles/colorprofiles.sty
Package: colorprofiles 2018/11/01 v1.0.1 color profiles for PDF/X and PDF/A sup
port

(c:/texlive/2023/texmf-dist/tex/generic/colorprofiles/colorprofiles.tex))
(c:/texlive/2023/texmf-dist/tex/latex/pdfx/pdfx.sty
Package: pdfx 2019/02/27 v1.6.3 PDF/X and PDF/A support (CVR/HTH/RRM/PS)
\pdfx@minorversion=\count194

(c:/texlive/2023/texmf-dist/tex/generic/iftex/iftex.sty
Package: iftex 2022/02/03 v1.0f TeX engine tests
)
(c:/texlive/2023/texmf-dist/tex/generic/iftex/ifpdf.sty
Package: ifpdf 2019/10/25 v3.4 ifpdf legacy package. Use iftex instead.
)
(c:/texlive/2023/texmf-dist/tex/generic/iftex/ifxetex.sty
Package: ifxetex 2019/10/25 v0.7 ifxetex legacy package. Use iftex instead.
)
(c:/texlive/2023/texmf-dist/tex/latex/everyshi/everyshi.sty
Package: everyshi 2020/11/18 v4.00 EveryShipout Package
)
(c:/texlive/2023/texmf-dist/tex/generic/iftex/ifluatex.sty
Package: ifluatex 2019/10/25 v1.5 ifluatex legacy package. Use iftex instead.
){c:/texlive/2023/texmf-var/fonts/map/pdftex/updmap/pdftex.map}
(c:/texlive/2023/texmf-dist/tex/latex/base/inputenc.sty
Package: inputenc 2021/02/14 v1.3d Input encoding file
\inpenc@prehook=\toks17
\inpenc@posthook=\toks18
)
(c:/texlive/2023/texmf-dist/tex/latex/pdfx/l8u-penc.def
File: l8u-penc.def 2017/06/23 v0.8 Custom LaTeX file, for UTF8 encoded letters 
and symbols
LaTeX Info: Composite with undeclared \b in encoding L8U on input line 278.

(c:/texlive/2023/texmf-dist/tex/latex/pdfx/l8ugrk-penc.def
File: l8ugrk-penc.def 2018/11/28 v0.6 Greek support for UTF8 in XMP metadata
)
(c:/texlive/2023/texmf-dist/tex/latex/pdfx/l8umath-penc.def
File: l8umath-penc.def 2017/06/23 v0.6 Custom LaTeX file, for UTF8 encoded math
 symbols
))
\pdfxsafeforxmp@toks=\toks19

(c:/texlive/2023/texmf-dist/tex/latex/xcolor/xcolor.sty
Package: xcolor 2022/06/12 v2.14 LaTeX color extensions (UK)

(c:/texlive/2023/texmf-dist/tex/latex/graphics-cfg/color.cfg
File: color.cfg 2016/01/02 v1.6 sample color configuration
)
Package xcolor Info: Driver file: pdftex.def on input line 227.

(c:/texlive/2023/texmf-dist/tex/latex/graphics-def/pdftex.def
File: pdftex.def 2022/09/22 v1.2b Graphics/color driver for pdftex
)
(c:/texlive/2023/texmf-dist/tex/latex/graphics/mathcolor.ltx)
Package xcolor Info: Model `cmy' substituted by `cmy0' on input line 1353.
Package xcolor Info: Model `hsb' substituted by `rgb' on input line 1357.
Package xcolor Info: Model `RGB' extended on input line 1369.
Package xcolor Info: Model `HTML' substituted by `rgb' on input line 1371.
Package xcolor Info: Model `Hsb' substituted by `hsb' on input line 1372.
Package xcolor Info: Model `tHsb' substituted by `hsb' on input line 1373.
Package xcolor Info: Model `HSB' substituted by `hsb' on input line 1374.
Package xcolor Info: Model `Gray' substituted by `gray' on input line 1375.
Package xcolor Info: Model `wave' substituted by `hsb' on input line 1376.

(c:/texlive/2023/texmf-dist/tex/latex/graphics/dvipsnam.def
File: dvipsnam.def 2016/06/17 v3.0m Driver-dependent file (DPC,SPQR)
))
\pdfx@tmptoks=\toks20

(c:/texlive/2023/texmf-dist/tex/latex/hyperref/hyperref.sty
Package: hyperref 2023-07-08 v7.01b Hypertext links for LaTeX

(c:/texlive/2023/texmf-dist/tex/generic/ltxcmds/ltxcmds.sty
Package: ltxcmds 2020-05-10 v1.25 LaTeX kernel commands for general use (HO)
)
(c:/texlive/2023/texmf-dist/tex/generic/pdftexcmds/pdftexcmds.sty
Package: pdftexcmds 2020-06-27 v0.33 Utility functions of pdfTeX for LuaTeX (HO
)

(c:/texlive/2023/texmf-dist/tex/generic/infwarerr/infwarerr.sty
Package: infwarerr 2019/12/03 v1.5 Providing info/warning/error messages (HO)
)
Package pdftexcmds Info: \pdf@primitive is available.
Package pdftexcmds Info: \pdf@ifprimitive is available.
Package pdftexcmds Info: \pdfdraftmode found.
)
(c:/texlive/2023/texmf-dist/tex/latex/graphics/keyval.sty
Package: keyval 2022/05/29 v1.15 key=value parser (DPC)
\KV@toks@=\toks21
)
(c:/texlive/2023/texmf-dist/tex/latex/kvsetkeys/kvsetkeys.sty
Package: kvsetkeys 2022-10-05 v1.19 Key value parser (HO)
)
(c:/texlive/2023/texmf-dist/tex/generic/kvdefinekeys/kvdefinekeys.sty
Package: kvdefinekeys 2019-12-19 v1.6 Define keys (HO)
)
(c:/texlive/2023/texmf-dist/tex/generic/pdfescape/pdfescape.sty
Package: pdfescape 2019/12/09 v1.15 Implements pdfTeX's escape features (HO)
)
(c:/texlive/2023/texmf-dist/tex/latex/hycolor/hycolor.sty
Package: hycolor 2020-01-27 v1.10 Color options for hyperref/bookmark (HO)
)
(c:/texlive/2023/texmf-dist/tex/latex/letltxmacro/letltxmacro.sty
Package: letltxmacro 2019/12/03 v1.6 Let assignment for LaTeX macros (HO)
)
(c:/texlive/2023/texmf-dist/tex/latex/auxhook/auxhook.sty
Package: auxhook 2019-12-17 v1.6 Hooks for auxiliary files (HO)
)
(c:/texlive/2023/texmf-dist/tex/latex/hyperref/nameref.sty
Package: nameref 2023-08-07 v2.53 Cross-referencing by name of section

(c:/texlive/2023/texmf-dist/tex/latex/refcount/refcount.sty
Package: refcount 2019/12/15 v3.6 Data extraction from label references (HO)
)
(c:/texlive/2023/texmf-dist/tex/generic/gettitlestring/gettitlestring.sty
Package: gettitlestring 2019/12/15 v1.6 Cleanup title references (HO)

(c:/texlive/2023/texmf-dist/tex/latex/kvoptions/kvoptions.sty
Package: kvoptions 2022-06-15 v3.15 Key value format for package options (HO)
))
\c@section@level=\count195
)
(c:/texlive/2023/texmf-dist/tex/latex/etoolbox/etoolbox.sty
Package: etoolbox 2020/10/05 v2.5k e-TeX tools for LaTeX (JAW)
\etb@tempcnta=\count196
)
\@linkdim=\dimen141
\Hy@linkcounter=\count197
\Hy@pagecounter=\count198

(c:/texlive/2023/texmf-dist/tex/latex/hyperref/pd1enc.def
File: pd1enc.def 2023-07-08 v7.01b Hyperref: PDFDocEncoding definition (HO)
)
(c:/texlive/2023/texmf-dist/tex/generic/intcalc/intcalc.sty
Package: intcalc 2019/12/15 v1.3 Expandable calculations with integers (HO)
)
\Hy@SavedSpaceFactor=\count199

(c:/texlive/2023/texmf-dist/tex/latex/hyperref/puenc.def
File: puenc.def 2023-07-08 v7.01b Hyperref: PDF Unicode definition (HO)

(c:/texlive/2023/texmf-dist/tex/latex/greek-fontenc/puenc-greek.def
File: puenc-greek.def 2023/03/08 2.2.1 Greek LICRs for PDF strings

(c:/texlive/2023/texmf-dist/tex/latex/greek-fontenc/greek-fontenc.def
File: greek-fontenc.def 2023-06-01 2.3 Common Greek font encoding definitions
)))
Package hyperref Info: Option `pdfa' set `true' on input line 4050.
Package hyperref Info: Hyper figures OFF on input line 4167.
Package hyperref Info: Link nesting OFF on input line 4172.
Package hyperref Info: Hyper index ON on input line 4175.
Package hyperref Info: Plain pages OFF on input line 4182.
Package hyperref Info: Backreferencing OFF on input line 4187.
Package hyperref Info: Implicit mode ON; LaTeX internals redefined.
Package hyperref Info: Bookmarks ON on input line 4434.
\c@Hy@tempcnt=\count266

(c:/texlive/2023/texmf-dist/tex/latex/url/url.sty
\Urlmuskip=\muskip16
Package: url 2013/09/16  ver 3.4  Verb mode for urls, etc.
)
LaTeX Info: Redefining \url on input line 4772.
\XeTeXLinkMargin=\dimen142

(c:/texlive/2023/texmf-dist/tex/generic/bitset/bitset.sty
Package: bitset 2019/12/09 v1.3 Handle bit-vector datatype (HO)

(c:/texlive/2023/texmf-dist/tex/generic/bigintcalc/bigintcalc.sty
Package: bigintcalc 2019/12/15 v1.5 Expandable calculations on big integers (HO
)
))
\Fld@menulength=\count267
\Field@Width=\dimen143
\Fld@charsize=\dimen144
Package hyperref Info: Hyper figures OFF on input line 6051.
Package hyperref Info: Link nesting OFF on input line 6056.
Package hyperref Info: Hyper index ON on input line 6059.
Package hyperref Info: backreferencing OFF on input line 6066.
Package hyperref Info: Link coloring OFF on input line 6071.
Package hyperref Info: Link coloring with OCG OFF on input line 6076.
Package hyperref Info: PDF/A mode ON on input line 6079.

(c:/texlive/2023/texmf-dist/tex/latex/base/atbegshi-ltx.sty
Package: atbegshi-ltx 2021/01/10 v1.0c Emulation of the original atbegshi
package with kernel methods
)
\Hy@abspage=\count268
\c@Item=\count269
\c@Hfootnote=\count270
)
Package hyperref Info: Driver: hpdftex.

(c:/texlive/2023/texmf-dist/tex/latex/hyperref/hpdftex.def
File: hpdftex.def 2023-07-08 v7.01b Hyperref driver for pdfTeX

(c:/texlive/2023/texmf-dist/tex/latex/base/atveryend-ltx.sty
Package: atveryend-ltx 2020/08/19 v1.0a Emulation of the original atveryend pac
kage
with kernel methods
)
\Fld@listcount=\count271
\c@bookmark@seq@number=\count272

(c:/texlive/2023/texmf-dist/tex/latex/rerunfilecheck/rerunfilecheck.sty
Package: rerunfilecheck 2022-07-10 v1.10 Rerun checks for auxiliary files (HO)

(c:/texlive/2023/texmf-dist/tex/generic/uniquecounter/uniquecounter.sty
Package: uniquecounter 2019/12/15 v1.4 Provide unlimited unique counter (HO)
)
Package uniquecounter Info: New unique counter `rerunfilecheck' on input line 2
85.
)
\Hy@SectionHShift=\skip50
)
Package hyperref Info: Option `unicode' set `true' on input line 1463.

(c:/texlive/2023/texmf-dist/tex/generic/stringenc/stringenc.sty
Package: stringenc 2019/11/29 v1.12 Convert strings between diff. encodings (HO
)
)
Package hyperref Info: Option `psdextra' set `true' on input line 1465.

(c:/texlive/2023/texmf-dist/tex/latex/hyperref/psdextra.def
File: psdextra.def 2023-07-08 v7.01b Hyperref: Additions to PDF string support
)
(c:/texlive/2023/texmf-dist/tex/generic/stringenc/se-pdfdoc.def
File: se-pdfdoc.def 2019/11/29 v1.12 stringenc: PDFDocEncoding
)
(c:/texlive/2023/texmf-dist/tex/latex/pdfx/AdobeColorProfiles.tex)
(c:/texlive/2023/texmf-dist/tex/latex/pdfx/8bit.def
File: 8bit.def 2008/03/30 v1.1d Input encoding file
)
** pdfx: Metadata file thesis.xmpdata read successfully.
(./thesis.xmpdata)<<sRGB.icc>>
(c:/texlive/2023/texmf-dist/tex/latex/pdfx/8bit.def
File: 8bit.def 2008/03/30 v1.1d Input encoding file
)
(c:/texlive/2023/texmf-dist/tex/latex/pdfx/8bit.def
File: 8bit.def 2008/03/30 v1.1d Input encoding file
)
(c:/texlive/2023/texmf-dist/tex/generic/stringenc/se-utf8.def
File: se-utf8.def 2019/11/29 v1.12 stringenc: UTF-8
)
(c:/texlive/2023/texmf-dist/tex/latex/pdfx/8bit.def
File: 8bit.def 2008/03/30 v1.1d Input encoding file
)
Package hyperref Info: Option `unicode' set `true' on input line 2411.
Package hyperref Info: Option `unicode' set `true' on input line 2412.

(c:/texlive/2023/texmf-dist/tex/latex/pdfx/8bit.def
File: 8bit.def 2008/03/30 v1.1d Input encoding file
)
(c:/texlive/2023/texmf-dist/tex/generic/pdftex/glyphtounicode.tex)
(c:/texlive/2023/texmf-dist/tex/latex/pdfx/glyphtounicode-cmr.tex)
(c:/texlive/2023/texmf-dist/tex/latex/pdfx/glyphtounicode-ntx.tex)
(c:/texlive/2023/texmf-dist/tex/latex/base/ifthen.sty
Package: ifthen 2022/04/13 v1.1d Standard LaTeX ifthen package (DPC)
)
(c:/texlive/2023/texmf-dist/tex/latex/xmpincl/xmpincl.sty
Package: xmpincl 2021/09/22 v2.4 Include XMP data in pdflatex
)
(c:/texlive/2023/texmf-dist/tex/latex/pdfx/8bit.def
File: 8bit.def 2008/03/30 v1.1d Input encoding file
)
Using XMP template file: pdfa.xmp
\xmpinclWrite=\write3
\xmpinclRead=\read2
\openout3 = `pdfa.xmpi'.

<<pdfa.xmpi>>) (c:/texlive/2023/texmf-dist/tex/latex/base/fontenc.sty
Package: fontenc 2021/04/29 v2.0v Standard LaTeX package
)
(c:/texlive/2023/texmf-dist/tex/latex/base/inputenc.sty
Package: inputenc 2021/02/14 v1.3d Input encoding file
)
(c:/texlive/2023/texmf-dist/tex/generic/babel/babel.sty
Package: babel 2023/07/09 v3.91 The Babel package
\babel@savecnt=\count273
\U@D=\dimen145
\l@unhyphenated=\language87

(c:/texlive/2023/texmf-dist/tex/generic/babel/txtbabel.def)
\bbl@readstream=\read3
\bbl@dirlevel=\count274

(c:/texlive/2023/texmf-dist/tex/generic/babel-english/english.ldf
Language: english 2017/06/06 v3.3r English support from the babel system
Package babel Info: Hyphen rules for 'canadian' set to \l@english
(babel)             (\language0). Reported on input line 102.
Package babel Info: Hyphen rules for 'australian' set to \l@ukenglish
(babel)             (\language21). Reported on input line 105.
Package babel Info: Hyphen rules for 'newzealand' set to \l@ukenglish
(babel)             (\language21). Reported on input line 108.
)
(c:/texlive/2023/texmf-dist/tex/generic/babel-italian/italian.ldf
Language: italian 2022/03/27 v.1.4.07 Italian support for the babel system
\it@lettering=\count275
\it@doublequoteactive=\count276
\it@ISOcompliance=\count277
))
(c:/texlive/2023/texmf-dist/tex/generic/babel/locale/it/babel-italian.tex
Package babel Info: Importing font and identification data for italian
(babel)             from babel-it.ini. Reported on input line 11.
)
(c:/texlive/2023/texmf-dist/tex/generic/babel/locale/en/babel-english.tex
Package babel Info: Importing font and identification data for english
(babel)             from babel-en.ini. Reported on input line 11.
)
(c:/texlive/2023/texmf-dist/tex/latex/bookmark/bookmark.sty
Package: bookmark 2020-11-06 v1.29 PDF bookmarks (HO)

(c:/texlive/2023/texmf-dist/tex/latex/bookmark/bkm-pdftex.def
File: bkm-pdftex.def 2020-11-06 v1.29 bookmark driver for pdfTeX (HO)
\BKM@id=\count278
))
(c:/texlive/2023/texmf-dist/tex/latex/caption/caption.sty
Package: caption 2023/03/12 v3.6j Customizing captions (AR)

(c:/texlive/2023/texmf-dist/tex/latex/caption/caption3.sty
Package: caption3 2023/03/12 v2.4 caption3 kernel (AR)
\caption@tempdima=\dimen146
\captionmargin=\dimen147
\caption@leftmargin=\dimen148
\caption@rightmargin=\dimen149
\caption@width=\dimen150
\caption@indent=\dimen151
\caption@parindent=\dimen152
\caption@hangindent=\dimen153
Package caption Info: Standard document class detected.
)
\c@caption@flags=\count279
\c@continuedfloat=\count280
Package caption Info: hyperref package is loaded.
)
(c:/texlive/2023/texmf-dist/tex/latex/changepage/chngpage.sty
Package: chngpage 2009/10/20 v1.2b change page layout
\c@cp@cnt=\count281
\c@cp@tempcnt=\count282
)
(c:/texlive/2023/texmf-dist/tex/latex/tools/calc.sty
Package: calc 2017/05/25 v4.3 Infix arithmetic (KKT,FJ)
\calc@Acount=\count283
\calc@Bcount=\count284
\calc@Adimen=\dimen154
\calc@Bdimen=\dimen155
\calc@Askip=\skip51
\calc@Bskip=\skip52
LaTeX Info: Redefining \setlength on input line 80.
LaTeX Info: Redefining \addtolength on input line 81.
\calc@Ccount=\count285
\calc@Cskip=\skip53
)
(c:/texlive/2023/texmf-dist/tex/latex/csquotes/csquotes.sty
Package: csquotes 2022-09-14 v5.2n context-sensitive quotations (JAW)
\csq@reset=\count286
\csq@gtype=\count287
\csq@glevel=\count288
\csq@qlevel=\count289
\csq@maxlvl=\count290
\csq@tshold=\count291
\csq@ltx@everypar=\toks22

(c:/texlive/2023/texmf-dist/tex/latex/csquotes/csquotes.def
File: csquotes.def 2022-09-14 v5.2n csquotes generic definitions (JAW)
)
Package csquotes Info: Trying to load configuration file 'csquotes.cfg'...
Package csquotes Info: ... configuration file loaded successfully.

(c:/texlive/2023/texmf-dist/tex/latex/csquotes/csquotes.cfg
File: csquotes.cfg 
))
(c:/texlive/2023/texmf-dist/tex/latex/emptypage/emptypage.sty
Package: emptypage 2010/05/30 v1.2 Suppress page numbers and headings on empty 
pages
)
(c:/texlive/2023/texmf-dist/tex/latex/epigraph/epigraph.sty
Package: epigraph 2020/01/02 v1.5e typesetting epigraphs

(c:/texlive/2023/texmf-dist/tex/latex/nextpage/nextpage.sty
Package: nextpage 2009/09/03 v1.1a additional page commands
)
\beforeepigraphskip=\skip54
\afterepigraphskip=\skip55
\epigraphwidth=\skip56
\epigraphrule=\skip57
)
(c:/texlive/2023/texmf-dist/tex/latex/eurosym/eurosym.sty
Package: eurosym 1998/08/06 v1.1 European currency symbol ``Euro''
\@eurobox=\box51
)
(c:/texlive/2023/texmf-dist/tex/latex/xltabular/xltabular.sty
Package: xltabular 2020/11/04 v0.2e `xltabular' package (hv,RN)

(c:/texlive/2023/texmf-dist/tex/latex/tools/tabularx.sty
Package: tabularx 2020/01/15 v2.11c `tabularx' package (DPC)

(c:/texlive/2023/texmf-dist/tex/latex/tools/array.sty
Package: array 2022/09/04 v2.5g Tabular extension package (FMi)
\col@sep=\dimen156
\ar@mcellbox=\box52
\extrarowheight=\dimen157
\NC@list=\toks23
\extratabsurround=\skip58
\backup@length=\skip59
\ar@cellbox=\box53
)
\TX@col@width=\dimen158
\TX@old@table=\dimen159
\TX@old@col=\dimen160
\TX@target=\dimen161
\TX@delta=\dimen162
\TX@cols=\count292
\TX@ftn=\toks24
)
(c:/texlive/2023/texmf-dist/tex/latex/ltablex/ltablex.sty
Package: ltablex 2014/08/13 v1.1 Modified tabularx

(c:/texlive/2023/texmf-dist/tex/latex/tools/longtable.sty
Package: longtable 2021-09-01 v4.17 Multi-page Table package (DPC)
\LTleft=\skip60
\LTright=\skip61
\LTpre=\skip62
\LTpost=\skip63
\LTchunksize=\count293
\LTcapwidth=\dimen163
\LT@head=\box54
\LT@firsthead=\box55
\LT@foot=\box56
\LT@lastfoot=\box57
\LT@gbox=\box58
\LT@cols=\count294
\LT@rows=\count295
\c@LT@tables=\count296
\c@LT@chunks=\count297
\LT@p@ftn=\toks25
)))
(c:/texlive/2023/texmf-dist/tex/latex/graphics/graphicx.sty
Package: graphicx 2021/09/16 v1.2d Enhanced LaTeX Graphics (DPC,SPQR)

(c:/texlive/2023/texmf-dist/tex/latex/graphics/graphics.sty
Package: graphics 2022/03/10 v1.4e Standard LaTeX Graphics (DPC,SPQR)

(c:/texlive/2023/texmf-dist/tex/latex/graphics/trig.sty
Package: trig 2021/08/11 v1.11 sin cos tan (DPC)
)
(c:/texlive/2023/texmf-dist/tex/latex/graphics-cfg/graphics.cfg
File: graphics.cfg 2016/06/04 v1.11 sample graphics configuration
)
Package graphics Info: Driver file: pdftex.def on input line 107.
)
\Gin@req@height=\dimen164
\Gin@req@width=\dimen165
)
(c:/texlive/2023/texmf-dist/tex/latex/listings/listings.sty
\lst@mode=\count298
\lst@gtempboxa=\box59
\lst@token=\toks26
\lst@length=\count299
\lst@currlwidth=\dimen166
\lst@column=\count300
\lst@pos=\count301
\lst@lostspace=\dimen167
\lst@width=\dimen168
\lst@newlines=\count302
\lst@lineno=\count303
\lst@maxwidth=\dimen169

(c:/texlive/2023/texmf-dist/tex/latex/listings/lstmisc.sty
File: lstmisc.sty 2023/02/27 1.9 (Carsten Heinz)
\c@lstnumber=\count304
\lst@skipnumbers=\count305
\lst@framebox=\box60
)
(c:/texlive/2023/texmf-dist/tex/latex/listings/listings.cfg
File: listings.cfg 2023/02/27 1.9 listings configuration
))
Package: listings 2023/02/27 1.9 (Carsten Heinz)

(c:/texlive/2023/texmf-dist/tex/latex/microtype/microtype.sty
Package: microtype 2023/03/13 v3.1a Micro-typographical refinements (RS)
\MT@toks=\toks27
\MT@tempbox=\box61
\MT@count=\count306
LaTeX Info: Redefining \noprotrusionifhmode on input line 1059.
LaTeX Info: Redefining \leftprotrusion on input line 1060.
\MT@prot@toks=\toks28
LaTeX Info: Redefining \rightprotrusion on input line 1078.
LaTeX Info: Redefining \textls on input line 1368.
\MT@outer@kern=\dimen170
LaTeX Info: Redefining \textmicrotypecontext on input line 1988.
\MT@listname@count=\count307

(c:/texlive/2023/texmf-dist/tex/latex/microtype/microtype-pdftex.def
File: microtype-pdftex.def 2023/03/13 v3.1a Definitions specific to pdftex (RS)

LaTeX Info: Redefining \lsstyle on input line 902.
LaTeX Info: Redefining \lslig on input line 902.
\MT@outer@space=\skip64
)
Package microtype Info: Loading configuration file microtype.cfg.

(c:/texlive/2023/texmf-dist/tex/latex/microtype/microtype.cfg
File: microtype.cfg 2023/03/13 v3.1a microtype main configuration file (RS)
))
(c:/texlive/2023/texmf-dist/tex/latex/mparhack/mparhack.sty
Package: mparhack 2021-05-02 v1.5 (T. Sgouros and S. Ulrich)
)
(c:/texlive/2023/texmf-dist/tex/latex/relsize/relsize.sty
Package: relsize 2013/03/29 ver 4.1
)
(c:/texlive/2023/texmf-dist/tex/latex/quoting/quoting.sty
Package: quoting 2014/01/28 v0.1c Consolidated environment for displayed text
\quo@toppartop=\skip65
)
(c:/texlive/2023/texmf-dist/tex/latex/subfig/subfig.sty
Package: subfig 2005/06/28 ver: 1.3 subfig package
\c@KVtest=\count308
\sf@farskip=\skip66
\sf@captopadj=\dimen171
\sf@capskip=\skip67
\sf@nearskip=\skip68
\c@subfigure=\count309
\c@subfigure@save=\count310
\c@lofdepth=\count311
\c@subtable=\count312
\c@subtable@save=\count313
\c@lotdepth=\count314
\sf@top=\skip69
\sf@bottom=\skip70
)
(c:/texlive/2023/texmf-dist/tex/latex/tools/varioref.sty
Package: varioref 2022/01/09 v1.6f package for extended references (FMi)
\c@vrcnt=\count315
)
(c:/texlive/2023/texmf-dist/tex/latex/booktabs/booktabs.sty
Package: booktabs 2020/01/12 v1.61803398 Publication quality tables
\heavyrulewidth=\dimen172
\lightrulewidth=\dimen173
\cmidrulewidth=\dimen174
\belowrulesep=\dimen175
\belowbottomsep=\dimen176
\aboverulesep=\dimen177
\abovetopsep=\dimen178
\cmidrulesep=\dimen179
\cmidrulekern=\dimen180
\defaultaddspace=\dimen181
\@cmidla=\count316
\@cmidlb=\count317
\@aboverulesep=\dimen182
\@belowrulesep=\dimen183
\@thisruleclass=\count318
\@lastruleclass=\count319
\@thisrulewidth=\dimen184
)
(c:/texlive/2023/texmf-dist/tex/latex/carlisle/ltxtable.sty
Package: ltxtable 2021/06/13 v0.4 longtable/tabularx merge (DPC)
)
(c:/texlive/2023/texmf-dist/tex/latex/float/float.sty
Package: float 2001/11/08 v1.3d Float enhancements (AL)
\c@float@type=\count320
\float@exts=\toks29
\float@box=\box62
\@float@everytoks=\toks30
\@floatcapt=\box63
)
(c:/texlive/2023/texmf-dist/tex/latex/glossaries/base/glossaries.sty
Package: glossaries 2022/11/03 v4.52 (NLCT)

(c:/texlive/2023/texmf-dist/tex/latex/xkeyval/xkeyval.sty
Package: xkeyval 2022/06/16 v2.9 package option processing (HA)

(c:/texlive/2023/texmf-dist/tex/generic/xkeyval/xkeyval.tex
(c:/texlive/2023/texmf-dist/tex/generic/xkeyval/xkvutils.tex
\XKV@toks=\toks31
\XKV@tempa@toks=\toks32
)
\XKV@depth=\count321
File: xkeyval.tex 2014/12/03 v2.7a key=value parser (HA)
))
(c:/texlive/2023/texmf-dist/tex/latex/mfirstuc/mfirstuc.sty
Package: mfirstuc 2022/10/14 v2.08 (NLCT)
\@glsmfirst=\toks33
\@glsmrest=\toks34
)
(c:/texlive/2023/texmf-dist/tex/latex/xfor/xfor.sty
Package: xfor 2009/02/05 v1.05 (NLCT)
)
(c:/texlive/2023/texmf-dist/tex/latex/datatool/datatool-base.sty
Package: datatool-base 2019/09/27 v2.32 (NLCT)

(c:/texlive/2023/texmf-dist/tex/latex/amsmath/amsmath.sty
Package: amsmath 2023/05/13 v2.17o AMS math features
\@mathmargin=\skip71

For additional information on amsmath, use the `?' option.
(c:/texlive/2023/texmf-dist/tex/latex/amsmath/amstext.sty
Package: amstext 2021/08/26 v2.01 AMS text

(c:/texlive/2023/texmf-dist/tex/latex/amsmath/amsgen.sty
File: amsgen.sty 1999/11/30 v2.0 generic functions
\@emptytoks=\toks35
\ex@=\dimen185
))
(c:/texlive/2023/texmf-dist/tex/latex/amsmath/amsbsy.sty
Package: amsbsy 1999/11/29 v1.2d Bold Symbols
\pmbraise@=\dimen186
)
(c:/texlive/2023/texmf-dist/tex/latex/amsmath/amsopn.sty
Package: amsopn 2022/04/08 v2.04 operator names
)
\inf@bad=\count322
LaTeX Info: Redefining \frac on input line 234.
\uproot@=\count323
\leftroot@=\count324
LaTeX Info: Redefining \overline on input line 399.
LaTeX Info: Redefining \colon on input line 410.
\classnum@=\count325
\DOTSCASE@=\count326
LaTeX Info: Redefining \ldots on input line 496.
LaTeX Info: Redefining \dots on input line 499.
LaTeX Info: Redefining \cdots on input line 620.
\Mathstrutbox@=\box64
\strutbox@=\box65
LaTeX Info: Redefining \big on input line 722.
LaTeX Info: Redefining \Big on input line 723.
LaTeX Info: Redefining \bigg on input line 724.
LaTeX Info: Redefining \Bigg on input line 725.
\big@size=\dimen187
LaTeX Font Info:    Redeclaring font encoding OML on input line 743.
LaTeX Font Info:    Redeclaring font encoding OMS on input line 744.
\macc@depth=\count327
LaTeX Info: Redefining \bmod on input line 905.
LaTeX Info: Redefining \pmod on input line 910.
LaTeX Info: Redefining \smash on input line 940.
LaTeX Info: Redefining \relbar on input line 970.
LaTeX Info: Redefining \Relbar on input line 971.
\c@MaxMatrixCols=\count328
\dotsspace@=\muskip17
\c@parentequation=\count329
\dspbrk@lvl=\count330
\tag@help=\toks36
\row@=\count331
\column@=\count332
\maxfields@=\count333
\andhelp@=\toks37
\eqnshift@=\dimen188
\alignsep@=\dimen189
\tagshift@=\dimen190
\tagwidth@=\dimen191
\totwidth@=\dimen192
\lineht@=\dimen193
\@envbody=\toks38
\multlinegap=\skip72
\multlinetaggap=\skip73
\mathdisplay@stack=\toks39
LaTeX Info: Redefining \[ on input line 2953.
LaTeX Info: Redefining \] on input line 2954.
)
(c:/texlive/2023/texmf-dist/tex/latex/substr/substr.sty
Package: substr 2009/10/20 v1.2 Handle substrings
\c@su@anzahl=\count334
)
(c:/texlive/2023/texmf-dist/tex/latex/datatool/datatool-fp.sty
Package: datatool-fp 2019/09/27 v2.32 (NLCT)

(c:/texlive/2023/texmf-dist/tex/latex/fp/fp.sty
Package: fp 1995/04/02

`Fixed Point Package', Version 0.8, April 2, 1995 (C) Michael Mehlich
(c:/texlive/2023/texmf-dist/tex/latex/fp/defpattern.sty
Package: defpattern 1994/10/12
\actioncount=\count335
)
(c:/texlive/2023/texmf-dist/tex/latex/fp/fp-basic.sty
Package: fp-basic 1996/05/13
\FP@xs=\count336
\FP@xia=\count337
\FP@xib=\count338
\FP@xfa=\count339
\FP@xfb=\count340
\FP@rega=\count341
\FP@regb=\count342
\FP@regs=\count343
\FP@times=\count344
)
(c:/texlive/2023/texmf-dist/tex/latex/fp/fp-addons.sty
Package: fp-addons 1995/03/15
)
(c:/texlive/2023/texmf-dist/tex/latex/fp/fp-snap.sty
Package: fp-snap 1995/04/05
)
(c:/texlive/2023/texmf-dist/tex/latex/fp/fp-exp.sty
Package: fp-exp 1995/04/03
)
(c:/texlive/2023/texmf-dist/tex/latex/fp/fp-trigo.sty
Package: fp-trigo 1995/04/14
)
(c:/texlive/2023/texmf-dist/tex/latex/fp/fp-pas.sty
Package: fp-pas 1994/08/29
)
(c:/texlive/2023/texmf-dist/tex/latex/fp/fp-random.sty
Package: fp-random 1995/02/23
\FPseed=\count345
)
(c:/texlive/2023/texmf-dist/tex/latex/fp/fp-eqn.sty
Package: fp-eqn 1995/04/03
)
(c:/texlive/2023/texmf-dist/tex/latex/fp/fp-upn.sty
Package: fp-upn 1996/10/21
)
(c:/texlive/2023/texmf-dist/tex/latex/fp/fp-eval.sty
Package: fp-eval 1995/04/03
)))
\@dtl@toks=\toks40
\@dtl@tmpcount=\count346
\dtl@tmplength=\skip74
\dtl@sortresult=\count347
\@dtl@numgrpsepcount=\count348
\@dtl@datatype=\count349
\dtl@codeA=\count350
\dtl@codeB=\count351
\@dtl@foreach@level=\count352
)
(c:/texlive/2023/texmf-dist/tex/latex/tracklang/tracklang.sty
Package: tracklang 2022/12/13 v1.6.1 (NLCT) Track Languages

(c:/texlive/2023/texmf-dist/tex/generic/tracklang/tracklang.tex))
(c:/texlive/2023/texmf-dist/tex/latex/translator/translator.sty
Package: translator 2021-05-31 v1.12d Easy translation of strings in LaTeX
)
(c:/texlive/2023/texmf-dist/tex/latex/glossaries-english/glossaries-english.ldf
File: glossaries-english.ldf 2014/11/23 v1.0
)
(c:/texlive/2023/texmf-dist/tex/latex/glossaries-italian/glossaries-italian.ldf
File: glossaries-italian.ldf 2014/11/23 v1.0
)
\gls@level=\count353
\@gls@tmpb=\toks41
\gls@tmplen=\skip75
\glskeylisttok=\toks42
\glslabeltok=\toks43
\glsshorttok=\toks44
\glslongtok=\toks45
 (c:/texlive/2023/texmf-dist/tex/latex/glossaries/styles/glossary-hypernav.sty
Package: glossary-hypernav 2022/11/03 v4.52 (NLCT)
) (c:/texlive/2023/texmf-dist/tex/latex/glossaries/styles/glossary-list.sty
Package: glossary-list 2022/11/03 v4.52 (NLCT)
\glslistdottedwidth=\skip76
)
(c:/texlive/2023/texmf-dist/tex/latex/glossaries/styles/glossary-long.sty
Package: glossary-long 2022/11/03 v4.52 (NLCT)
\glsdescwidth=\skip77
\glspagelistwidth=\skip78
)
(c:/texlive/2023/texmf-dist/tex/latex/glossaries/styles/glossary-super.sty
Package: glossary-super 2022/11/03 v4.52 (NLCT)

(c:/texlive/2023/texmf-dist/tex/latex/supertabular/supertabular.sty
Package: supertabular 2020/02/02 v4.1g the supertabular environment
\c@tracingst=\count354
\ST@wd=\dimen194
\ST@rightskip=\skip79
\ST@leftskip=\skip80
\ST@parfillskip=\skip81
\ST@pageleft=\dimen195
\ST@headht=\dimen196
\ST@tailht=\dimen197
\ST@pagesofar=\dimen198
\ST@pboxht=\dimen199
\ST@lineht=\dimen256
\ST@prevht=\dimen257
\ST@toadd=\dimen258
\ST@dimen=\dimen259
\ST@pbox=\box66
))
(c:/texlive/2023/texmf-dist/tex/latex/glossaries/styles/glossary-tree.sty
Package: glossary-tree 2022/11/03 v4.52 (NLCT)
\glstreeindent=\skip82
))
(c:/texlive/2023/texmf-dist/tex/latex/biblatex/biblatex.sty
Package: biblatex 2023/03/05 v3.19 programmable bibliographies (PK/MW)

(c:/texlive/2023/texmf-dist/tex/latex/logreq/logreq.sty
Package: logreq 2010/08/04 v1.0 xml request logger
\lrq@indent=\count355

(c:/texlive/2023/texmf-dist/tex/latex/logreq/logreq.def
File: logreq.def 2010/08/04 v1.0 logreq spec v1.0
))
\c@tabx@nest=\count356
\c@listtotal=\count357
\c@listcount=\count358
\c@liststart=\count359
\c@liststop=\count360
\c@citecount=\count361
\c@citetotal=\count362
\c@multicitecount=\count363
\c@multicitetotal=\count364
\c@instcount=\count365
\c@maxnames=\count366
\c@minnames=\count367
\c@maxitems=\count368
\c@minitems=\count369
\c@citecounter=\count370
\c@maxcitecounter=\count371
\c@savedcitecounter=\count372
\c@uniquelist=\count373
\c@uniquename=\count374
\c@refsection=\count375
\c@refsegment=\count376
\c@maxextratitle=\count377
\c@maxextratitleyear=\count378
\c@maxextraname=\count379
\c@maxextradate=\count380
\c@maxextraalpha=\count381
\c@abbrvpenalty=\count382
\c@highnamepenalty=\count383
\c@lownamepenalty=\count384
\c@maxparens=\count385
\c@parenlevel=\count386
\blx@tempcnta=\count387
\blx@tempcntb=\count388
\blx@tempcntc=\count389
\c@blx@maxsection=\count390
\blx@maxsegment@0=\count391
\blx@notetype=\count392
\blx@parenlevel@text=\count393
\blx@parenlevel@foot=\count394
\blx@sectionciteorder@0=\count395
\blx@sectionciteorderinternal@0=\count396
\blx@entrysetcounter=\count397
\blx@biblioinstance=\count398
\labelnumberwidth=\skip83
\labelalphawidth=\skip84
\biblabelsep=\skip85
\bibitemsep=\skip86
\bibnamesep=\skip87
\bibinitsep=\skip88
\bibparsep=\skip89
\bibhang=\skip90
\blx@bcfin=\read4
\blx@bcfout=\write4
\blx@langwohyphens=\language88
\c@mincomprange=\count399
\c@maxcomprange=\count400
\c@mincompwidth=\count401
Package biblatex Info: Trying to load biblatex default data model...
Package biblatex Info: ... file 'blx-dm.def' found.

(c:/texlive/2023/texmf-dist/tex/latex/biblatex/blx-dm.def
File: blx-dm.def 2023/03/05 v3.19 biblatex localization (PK/MW)
)
Package biblatex Info: Trying to load biblatex style data model...
Package biblatex Info: ... file 'verbose-ibid.dbx' not found.
Package biblatex Info: Trying to load biblatex custom data model...
Package biblatex Info: ... file 'biblatex-dm.cfg' not found.
\c@afterword=\count402
\c@savedafterword=\count403
\c@annotator=\count404
\c@savedannotator=\count405
\c@author=\count406
\c@savedauthor=\count407
\c@bookauthor=\count408
\c@savedbookauthor=\count409
\c@commentator=\count410
\c@savedcommentator=\count411
\c@editor=\count412
\c@savededitor=\count413
\c@editora=\count414
\c@savededitora=\count415
\c@editorb=\count416
\c@savededitorb=\count417
\c@editorc=\count418
\c@savededitorc=\count419
\c@foreword=\count420
\c@savedforeword=\count421
\c@holder=\count422
\c@savedholder=\count423
\c@introduction=\count424
\c@savedintroduction=\count425
\c@namea=\count426
\c@savednamea=\count427
\c@nameb=\count428
\c@savednameb=\count429
\c@namec=\count430
\c@savednamec=\count431
\c@translator=\count432
\c@savedtranslator=\count433
\c@shortauthor=\count434
\c@savedshortauthor=\count435
\c@shorteditor=\count436
\c@savedshorteditor=\count437
\c@labelname=\count438
\c@savedlabelname=\count439
\c@institution=\count440
\c@savedinstitution=\count441
\c@lista=\count442
\c@savedlista=\count443
\c@listb=\count444
\c@savedlistb=\count445
\c@listc=\count446
\c@savedlistc=\count447
\c@listd=\count448
\c@savedlistd=\count449
\c@liste=\count450
\c@savedliste=\count451
\c@listf=\count452
\c@savedlistf=\count453
\c@location=\count454
\c@savedlocation=\count455
\c@organization=\count456
\c@savedorganization=\count457
\c@origlocation=\count458
\c@savedoriglocation=\count459
\c@origpublisher=\count460
\c@savedorigpublisher=\count461
\c@publisher=\count462
\c@savedpublisher=\count463
\c@language=\count464
\c@savedlanguage=\count465
\c@origlanguage=\count466
\c@savedoriglanguage=\count467
\c@pageref=\count468
\c@savedpageref=\count469
\shorthandwidth=\skip91
\shortjournalwidth=\skip92
\shortserieswidth=\skip93
\shorttitlewidth=\skip94
\shortauthorwidth=\skip95
\shorteditorwidth=\skip96
\locallabelnumberwidth=\skip97
\locallabelalphawidth=\skip98
\localshorthandwidth=\skip99
\localshortjournalwidth=\skip100
\localshortserieswidth=\skip101
\localshorttitlewidth=\skip102
\localshortauthorwidth=\skip103
\localshorteditorwidth=\skip104
Package biblatex Info: Trying to load compatibility code...
Package biblatex Info: ... file 'blx-compat.def' found.

(c:/texlive/2023/texmf-dist/tex/latex/biblatex/blx-compat.def
File: blx-compat.def 2023/03/05 v3.19 biblatex compatibility (PK/MW)
)
Package biblatex Info: Trying to load generic definitions...
Package biblatex Info: ... file 'biblatex.def' found.

(c:/texlive/2023/texmf-dist/tex/latex/biblatex/biblatex.def
File: biblatex.def 2023/03/05 v3.19 biblatex compatibility (PK/MW)
\c@textcitecount=\count470
\c@textcitetotal=\count471
\c@textcitemaxnames=\count472
\c@biburlbigbreakpenalty=\count473
\c@biburlbreakpenalty=\count474
\c@biburlnumpenalty=\count475
\c@biburlucpenalty=\count476
\c@biburllcpenalty=\count477
\biburlbigskip=\muskip18
\biburlnumskip=\muskip19
\biburlucskip=\muskip20
\biburllcskip=\muskip21
\c@smartand=\count478
)
Package biblatex Info: Trying to load bibliography style 'verbose-ibid'...
Package biblatex Info: ... file 'verbose-ibid.bbx' found.

(c:/texlive/2023/texmf-dist/tex/latex/biblatex/bbx/verbose-ibid.bbx
File: verbose-ibid.bbx 2023/03/05 v3.19 biblatex bibliography style (PK/MW)
Package biblatex Info: Trying to load bibliography style 'authortitle'...
Package biblatex Info: ... file 'authortitle.bbx' found.

(c:/texlive/2023/texmf-dist/tex/latex/biblatex/bbx/authortitle.bbx
File: authortitle.bbx 2023/03/05 v3.19 biblatex bibliography style (PK/MW)
Package biblatex Info: Trying to load bibliography style 'standard'...
Package biblatex Info: ... file 'standard.bbx' found.

(c:/texlive/2023/texmf-dist/tex/latex/biblatex/bbx/standard.bbx
File: standard.bbx 2023/03/05 v3.19 biblatex bibliography style (PK/MW)
\c@bbx:relatedcount=\count479
\c@bbx:relatedtotal=\count480
)))
Package biblatex Info: Trying to load citation style 'verbose-ibid'...
Package biblatex Info: ... file 'verbose-ibid.cbx' found.

(c:/texlive/2023/texmf-dist/tex/latex/biblatex/cbx/verbose-ibid.cbx
File: verbose-ibid.cbx 2023/03/05 v3.19 biblatex citation style (PK/MW)
Package biblatex Info: Redefining '\cite'.
Package biblatex Info: Redefining '\parencite'.
Package biblatex Info: Redefining '\footcite'.
Package biblatex Info: Redefining '\footcitetext'.
Package biblatex Info: Redefining '\smartcite'.
Package biblatex Info: Redefining '\textcite'.
Package biblatex Info: Redefining '\textcites'.
)
Package biblatex Info: Trying to load configuration file...
Package biblatex Info: ... file 'biblatex.cfg' found.

(c:/texlive/2023/texmf-dist/tex/latex/biblatex/biblatex.cfg
File: biblatex.cfg 
)
Package biblatex Info: Input encoding 'utf8' detected.
Package biblatex Info: Document encoding is UTF8 ....

(c:/texlive/2023/texmf-dist/tex/latex/l3kernel/expl3.sty
Package: expl3 2023-06-30 L3 programming layer (loader) 

(c:/texlive/2023/texmf-dist/tex/latex/l3backend/l3backend-pdftex.def
File: l3backend-pdftex.def 2023-04-19 L3 backend support: PDF output (pdfTeX)
\l__color_backend_stack_int=\count481
\l__pdf_internal_box=\box67
))
Package biblatex Info: ... and expl3
(biblatex)             2023-06-30 L3 programming layer (loader) 
(biblatex)             is new enough (at least 2020/04/06),
(biblatex)             setting 'casechanger=expl3'.

(c:/texlive/2023/texmf-dist/tex/latex/biblatex/blx-case-expl3.sty
(c:/texlive/2023/texmf-dist/tex/latex/l3packages/xparse/xparse.sty
Package: xparse 2023-02-02 L3 Experimental document command parser
)
Package: blx-case-expl3 2023/03/05 v3.19 expl3 case changing code for biblatex
))
(c:/texlive/2023/texmf-dist/tex/latex/layaureo/layaureo.sty
Package: layaureo 2004/09/16 v0.2

(c:/texlive/2023/texmf-dist/tex/latex/geometry/geometry.sty
Package: geometry 2020/01/02 v5.9 Page Geometry

(c:/texlive/2023/texmf-dist/tex/generic/iftex/ifvtex.sty
Package: ifvtex 2019/10/25 v1.7 ifvtex legacy package. Use iftex instead.
)
\Gm@cnth=\count482
\Gm@cntv=\count483
\c@Gm@tempcnt=\count484
\Gm@bindingoffset=\dimen260
\Gm@wd@mp=\dimen261
\Gm@odd@mp=\dimen262
\Gm@even@mp=\dimen263
\Gm@layoutwidth=\dimen264
\Gm@layoutheight=\dimen265
\Gm@layouthoffset=\dimen266
\Gm@layoutvoffset=\dimen267
\Gm@dimlist=\toks46
)
\LA@MargineRilegatura=\skip105
\LA@LarghezzaTesto=\skip106
\LA@AltezzaTesto=\skip107
\LA@MargineSinistro=\skip108
\LA@MargineSuperiore=\skip109
))
(c:/texlive/2023/texmf-dist/tex/latex/fancyhdr/fancyhdr.sty
Package: fancyhdr 2022/11/09 v4.1 Extensive control of page headers and footers

\f@nch@headwidth=\skip110
\f@nch@O@elh=\skip111
\f@nch@O@erh=\skip112
\f@nch@O@olh=\skip113
\f@nch@O@orh=\skip114
\f@nch@O@elf=\skip115
\f@nch@O@erf=\skip116
\f@nch@O@olf=\skip117
\f@nch@O@orf=\skip118
)
(./config/thesis-config.tex (./config/variables.tex

LaTeX Info: File `thesis.xmpdata' already exists on the system.
            Not generating it from this source.

)
Package hyperref Info: Option `colorlinks' set `true' on input line 101.
Package hyperref Info: Option `linktocpage' set `true' on input line 101.
Package hyperref Info: Option `breaklinks' set `true' on input line 101.
Package hyperref Info: Option `pageanchor' set `true' on input line 101.
Package hyperref Info: Option `plainpages' set `false' on input line 101.
Package hyperref Info: Option `bookmarksnumbered' set `true' on input line 101.

Package hyperref Info: Option `bookmarksopen' set `true' on input line 101.
Package hyperref Info: Option `hypertexnames' set `true' on input line 101.
 (c:/texlive/2023/texmf-dist/tex/latex/listings/lstlang1.sty
File: lstlang1.sty 2023/02/27 1.9 listings language file
)
(c:/texlive/2023/texmf-dist/tex/latex/listings/lstlang2.sty
File: lstlang2.sty 2023/02/27 1.9 listings language file
)
(c:/texlive/2023/texmf-dist/tex/latex/listings/lstlang3.sty
File: lstlang3.sty 2023/02/27 1.9 listings language file
)
(c:/texlive/2023/texmf-dist/tex/latex/listings/lstlang1.sty
File: lstlang1.sty 2023/02/27 1.9 listings language file
)
(c:/texlive/2023/texmf-dist/tex/latex/listings/lstlang2.sty
File: lstlang2.sty 2023/02/27 1.9 listings language file
)
(c:/texlive/2023/texmf-dist/tex/latex/listings/lstlang3.sty
File: lstlang3.sty 2023/02/27 1.9 listings language file
)
(c:/texlive/2023/texmf-dist/tex/latex/listings/lstlang1.sty
File: lstlang1.sty 2023/02/27 1.9 listings language file
)
(c:/texlive/2023/texmf-dist/tex/latex/listings/lstlang2.sty
File: lstlang2.sty 2023/02/27 1.9 listings language file
)
(c:/texlive/2023/texmf-dist/tex/latex/listings/lstlang3.sty
File: lstlang3.sty 2023/02/27 1.9 listings language file
)
(c:/texlive/2023/texmf-dist/tex/latex/listings/lstmisc.sty
File: lstmisc.sty 2023/02/27 1.9 (Carsten Heinz)
)
\c@riskcounter=\count485
\c@usecasecounter=\count486
) (./structure.tex
Package csquotes Info: Checking for multilingual support...
Package csquotes Info: ... found 'babel' package.
Package csquotes Info: Adjusting default style.
Package csquotes Info: Redefining alias 'default' -> 'italian'.

(./thesis.aux

LaTeX Warning: Label `tab:requisiti-vincolo' multiply defined.

)
\openout1 = `thesis.aux'.

LaTeX Font Info:    Checking defaults for OML/cmm/m/it on input line 1.
LaTeX Font Info:    ... okay on input line 1.
LaTeX Font Info:    Checking defaults for OMS/cmsy/m/n on input line 1.
LaTeX Font Info:    ... okay on input line 1.
LaTeX Font Info:    Checking defaults for OT1/cmr/m/n on input line 1.
LaTeX Font Info:    ... okay on input line 1.
LaTeX Font Info:    Checking defaults for T1/cmr/m/n on input line 1.
LaTeX Font Info:    ... okay on input line 1.
LaTeX Font Info:    Checking defaults for TS1/cmr/m/n on input line 1.
LaTeX Font Info:    ... okay on input line 1.
LaTeX Font Info:    Checking defaults for OMX/cmex/m/n on input line 1.
LaTeX Font Info:    ... okay on input line 1.
LaTeX Font Info:    Checking defaults for U/cmr/m/n on input line 1.
LaTeX Font Info:    ... okay on input line 1.
LaTeX Font Info:    Checking defaults for PD1/pdf/m/n on input line 1.
LaTeX Font Info:    ... okay on input line 1.
LaTeX Font Info:    Checking defaults for PU/pdf/m/n on input line 1.
LaTeX Font Info:    ... okay on input line 1.
 (c:/texlive/2023/texmf-dist/tex/context/base/mkii/supp-pdf.mkii
[Loading MPS to PDF converter (version 2006.09.02).]
\scratchcounter=\count487
\scratchdimen=\dimen268
\scratchbox=\box68
\nofMPsegments=\count488
\nofMParguments=\count489
\everyMPshowfont=\toks47
\MPscratchCnt=\count490
\MPscratchDim=\dimen269
\MPnumerator=\count491
\makeMPintoPDFobject=\count492
\everyMPtoPDFconversion=\toks48
) (c:/texlive/2023/texmf-dist/tex/latex/epstopdf-pkg/epstopdf-base.sty
Package: epstopdf-base 2020-01-24 v2.11 Base part for package epstopdf
Package epstopdf-base Info: Redefining graphics rule for `.eps' on input line 4
85.

(c:/texlive/2023/texmf-dist/tex/latex/latexconfig/epstopdf-sys.cfg
File: epstopdf-sys.cfg 2010/07/13 v1.3 Configuration of (r)epstopdf for TeX Liv
e
))
Package hyperref Info: Link coloring ON on input line 1.
LaTeX Info: Redefining \it@ocap on input line 1.
LaTeX Info: Redefining \it@ccap on input line 1.
Package caption Info: Begin \AtBeginDocument code.
Package caption Info: subfig package v1.3 is loaded.
Package caption Info: float package is loaded.
Package caption Info: listings package is loaded.
Package caption Info: longtable package is loaded.

(c:/texlive/2023/texmf-dist/tex/latex/caption/ltcaption.sty
Package: ltcaption 2021/01/08 v1.4c longtable captions (AR)
)
Package caption Info: supertabular package is loaded.
Package caption Info: End \AtBeginDocument code.
\c@lstlisting=\count493
LaTeX Info: Redefining \microtypecontext on input line 1.
Package microtype Info: Applying patch `item' on input line 1.
Package microtype Info: Applying patch `toc' on input line 1.
Package microtype Info: Applying patch `eqnum' on input line 1.
Package microtype Info: Applying patch `footnote' on input line 1.
Package microtype Info: Applying patch `verbatim' on input line 1.
Package microtype Info: Generating PDF output.
Package microtype Info: Character protrusion enabled (level 2).
Package microtype Info: Using default protrusion set `alltext'.
Package microtype Info: Automatic font expansion enabled (level 2),
(microtype)             stretch: 20, shrink: 20, step: 1, non-selected.
Package microtype Info: Using default expansion set `alltext-nott'.
LaTeX Info: Redefining \showhyphens on input line 1.
Package microtype Info: No adjustment of tracking.
Package microtype Info: No adjustment of interword spacing.
Package microtype Info: No adjustment of character kerning.

(c:/texlive/2023/texmf-dist/tex/latex/microtype/mt-cmr.cfg
File: mt-cmr.cfg 2013/05/19 v2.2 microtype config. file: Computer Modern Roman 
(RS)
) (./thesis.glsdefs)
Package biblatex Info: Trying to load language 'italian'...
Package biblatex Info: ... file 'italian.lbx' found.

(c:/texlive/2023/texmf-dist/tex/latex/biblatex/lbx/italian.lbx
File: italian.lbx 2023/03/05 v3.19 biblatex localization (PK/MW)
)
Package biblatex Info: Trying to load language 'english'...
Package biblatex Info: ... file 'english.lbx' found.

(c:/texlive/2023/texmf-dist/tex/latex/biblatex/lbx/english.lbx
File: english.lbx 2023/03/05 v3.19 biblatex localization (PK/MW)
)
Package biblatex Info: Input encoding 'utf8' detected.
Package biblatex Info: Automatic encoding selection.
(biblatex)             Assuming data encoding 'utf8'.
\openout4 = `thesis.bcf'.

Package biblatex Info: Trying to load bibliographic data...
Package biblatex Info: ... file 'thesis.bbl' not found.

No file thesis.bbl.
Package biblatex Info: Reference section=0 on input line 1.
Package biblatex Info: Reference segment=0 on input line 1.
*geometry* driver: auto-detecting
*geometry* detected driver: pdftex
*geometry* verbose mode - [ preamble ] result:
* driver: pdftex
* paper: a4paper
* layout: <same size as paper>
* layoutoffset:(h,v)=(0.0pt,0.0pt)
* modes: 
* h-part:(L,W,R)=(112.75394pt, 372.0pt, 112.75394pt)
* v-part:(T,H,B)=(100.71263pt, 601.90594pt, 142.42827pt)
* \paperwidth=597.50787pt
* \paperheight=845.04684pt
* \textwidth=372.0pt
* \textheight=601.90594pt
* \oddsidemargin=40.48395pt
* \evensidemargin=40.48395pt
* \topmargin=-1.62485pt
* \headheight=12.0pt
* \headsep=18.06749pt
* \topskip=10.0pt
* \footskip=25.29494pt
* \marginparwidth=61.0pt
* \marginparsep=7.0pt
* \columnsep=10.0pt
* \skip\footins=9.0pt plus 4.0pt minus 2.0pt
* \hoffset=0.0pt
* \voffset=0.0pt
* \mag=1000
* \@twocolumnfalse
* \@twosidefalse
* \@mparswitchfalse
* \@reversemarginfalse
* (1in=72.27pt=25.4mm, 1cm=28.453pt)

(./preface/title-page.tex
<images/unipd-logo.png, id=5, 943.525pt x 949.5475pt>
File: images/unipd-logo.png Graphic file (type png)
<use images/unipd-logo.png>
Package pdftex.def Info: images/unipd-logo.png  used on input line 22.
(pdftex.def)             Requested size: 169.62561pt x 170.71652pt.
 [1



{c:/texlive/2023/texmf-dist/fonts/enc/dvips/cm-super/cm-super-t1.enc} <./images
/unipd-logo.png>]) (./preface/copyright.tex)
(./preface/acknowledgements.tex
pdfTeX warning (ext4): destination with the same identifier (name{page.i}) has 
been already used, duplicate ignored
<to be read again> 
                   \relax 
l.1 \cleardoublepage
                     [1

{c:/texlive/2023/texmf-dist/fonts/enc/dvips/cm-super/cm-super-ts1.enc}]
Underfull \hbox (badness 10000) in paragraph at lines 12--13

 []


Underfull \hbox (badness 10000) in paragraph at lines 14--15

 []


Underfull \hbox (badness 10000) in paragraph at lines 16--17

 []

) (./preface/summary.tex [2

]
Underfull \hbox (badness 10000) in paragraph at lines 11--13

 []


Underfull \hbox (badness 10000) in paragraph at lines 14--18

 []

) (./preface/table-of-contents.tex [3

] (./thesis.toc [4


])
\tf@toc=\write5
\openout5 = `thesis.toc'.

 [5] (./thesis.lof)
\tf@lof=\write6
\openout6 = `thesis.lof'.


(./thesis.lot [6

])
\tf@lot=\write7
\openout7 = `thesis.lot'.

 [7] [8]) (./chapters/introduzione.tex
Capitolo 1.
<images/cwbi.png, id=300, 121.05225pt x 37.94176pt>
File: images/cwbi.png Graphic file (type png)
<use images/cwbi.png>
Package pdftex.def Info: images/cwbi.png  used on input line 16.
(pdftex.def)             Requested size: 136.16681pt x 42.67912pt.
[1




 <./images/cwbi.png (PNG copy)>] [2]) (./chapters/sistema-attuale.tex
[3]
Capitolo 2.
) (./chapters/kick-off.tex [4

] [5]
! Missing } inserted.
<inserted text> 
                }
l.51 \end{table}
                
I've inserted something that you may have forgotten.
(See the <inserted text> above.)
With luck, this will get me unwedged. But if you
really didn't forget anything, try typing `2' now; then
my insertion and my current dilemma will both disappear.

) (./chapters/concept.tex [6]
Capitolo 3.
<images/usecase/utenti-primari.png, id=333, 503.8825pt x 481.8pt>
File: images/usecase/utenti-primari.png Graphic file (type png)
<use images/usecase/utenti-primari.png>
Package pdftex.def Info: images/usecase/utenti-primari.png  used on input line 
28.
(pdftex.def)             Requested size: 297.60114pt x 284.56094pt.
[7

]
<images/usecase/UC01.png, id=339, 570.13pt x 342.27875pt>
File: images/usecase/UC01.png Graphic file (type png)
<use images/usecase/UC01.png>
Package pdftex.def Info: images/usecase/UC01.png  used on input line 47.
(pdftex.def)             Requested size: 334.79773pt x 200.99738pt.
 [8 <./images/usecase/utenti-primari.png>]

LaTeX Warning: Hyper reference `UC02' on page 9 undefined on input line 69.

[9 <./images/usecase/UC01.png>]
<images/usecase/UC03.png, id=353, 563.10374pt x 211.79124pt>
File: images/usecase/UC03.png Graphic file (type png)
<use images/usecase/UC03.png>
Package pdftex.def Info: images/usecase/UC03.png  used on input line 117.
(pdftex.def)             Requested size: 334.79773pt x 125.92201pt.
<images/usecase/UC04.png, id=354, 560.0925pt x 221.82875pt>
File: images/usecase/UC04.png Graphic file (type png)
<use images/usecase/UC04.png>
Package pdftex.def Info: images/usecase/UC04.png  used on input line 146.
(pdftex.def)             Requested size: 334.79773pt x 132.60408pt.
 [10 <./images/usecase/UC03.png>]
<images/usecase/UC05_06_07.png, id=364, 713.66624pt x 506.89375pt>
File: images/usecase/UC05_06_07.png Graphic file (type png)
<use images/usecase/UC05_06_07.png>
Package pdftex.def Info: images/usecase/UC05_06_07.png  used on input line 177.

(pdftex.def)             Requested size: 297.60114pt x 211.37794pt.
 [11 <./images/usecase/UC04.png> <./images/usecase/UC05_06_07.png>]
<images/usecase/UC05_1_2.png, id=373, 550.055pt x 302.12875pt>
File: images/usecase/UC05_1_2.png Graphic file (type png)
<use images/usecase/UC05_1_2.png>
Package pdftex.def Info: images/usecase/UC05_1_2.png  used on input line 250.
(pdftex.def)             Requested size: 334.79773pt x 183.9018pt.
 [12]
<images/usecase/UC05_dettaglio_pt1.png, id=381, 620.3175pt x 492.84125pt>
File: images/usecase/UC05_dettaglio_pt1.png Graphic file (type png)
<use images/usecase/UC05_dettaglio_pt1.png>
Package pdftex.def Info: images/usecase/UC05_dettaglio_pt1.png  used on input l
ine 301.
(pdftex.def)             Requested size: 297.60114pt x 236.44078pt.
<images/usecase/UC05_dettaglio_pt2.png, id=382, 620.3175pt x 512.91624pt>
File: images/usecase/UC05_dettaglio_pt2.png Graphic file (type png)
<use images/usecase/UC05_dettaglio_pt2.png>
Package pdftex.def Info: images/usecase/UC05_dettaglio_pt2.png  used on input l
ine 306.
(pdftex.def)             Requested size: 297.60114pt x 246.07178pt.
 [13 <./images/usecase/UC05_1_2.png>] [14 <./images/usecase/UC05_dettaglio_pt1.
png> <./images/usecase/UC05_dettaglio_pt2.png>]
<images/usecase/UC09.png, id=399, 570.13pt x 342.27875pt>
File: images/usecase/UC09.png Graphic file (type png)
<use images/usecase/UC09.png>
Package pdftex.def Info: images/usecase/UC09.png  used on input line 333.
(pdftex.def)             Requested size: 260.39886pt x 156.32722pt.


LaTeX Warning: Hyper reference `UC17' on page 15 undefined on input line 357.

<images/usecase/UC10_11.png, id=400, 540.0175pt x 332.24126pt>
File: images/usecase/UC10_11.png Graphic file (type png)
<use images/usecase/UC10_11.png>
Package pdftex.def Info: images/usecase/UC10_11.png  used on input line 365.
(pdftex.def)             Requested size: 334.79773pt x 205.98744pt.
[15 <./images/usecase/UC09.png>]

LaTeX Warning: Hyper reference `UC11' on page 16 undefined on input line 387.

<images/usecase/UC10_ricerca_p1.png, id=407, 550.055pt x 452.69125pt>
File: images/usecase/UC10_ricerca_p1.png Graphic file (type png)
<use images/usecase/UC10_ricerca_p1.png>
Package pdftex.def Info: images/usecase/UC10_ricerca_p1.png  used on input line
 393.
(pdftex.def)             Requested size: 260.39886pt x 214.3122pt.
<images/usecase/UC10_ricerca_p2.png, id=408, 550.055pt x 532.99126pt>
File: images/usecase/UC10_ricerca_p2.png Graphic file (type png)
<use images/usecase/UC10_ricerca_p2.png>
Package pdftex.def Info: images/usecase/UC10_ricerca_p2.png  used on input line
 398.
(pdftex.def)             Requested size: 260.39886pt x 252.32767pt.
[16 <./images/usecase/UC10_11.png>] [17 <./images/usecase/UC10_ricerca_p1.png> 
<./images/usecase/UC10_ricerca_p2.png>]
<images/usecase/UC12_13.png, id=423, 560.0925pt x 342.27875pt>
File: images/usecase/UC12_13.png Graphic file (type png)
<use images/usecase/UC12_13.png>
Package pdftex.def Info: images/usecase/UC12_13.png  used on input line 452.
(pdftex.def)             Requested size: 334.79773pt x 204.6063pt.
 [18 <./images/usecase/UC12_13.png>]
<images/usecase/UC14.png, id=431, 560.0925pt x 201.75375pt>
File: images/usecase/UC14.png Graphic file (type png)
<use images/usecase/UC14.png>
Package pdftex.def Info: images/usecase/UC14.png  used on input line 503.
(pdftex.def)             Requested size: 409.20227pt x 147.4083pt.

Overfull \hbox (37.20227pt too wide) in paragraph at lines 503--504
 [][] 
 []

[19 <./images/usecase/UC14.png>]
<images/usecase/UC14_inserimentoTesto.png, id=440, 560.0925pt x 201.75375pt>
File: images/usecase/UC14_inserimentoTesto.png Graphic file (type png)
<use images/usecase/UC14_inserimentoTesto.png>
Package pdftex.def Info: images/usecase/UC14_inserimentoTesto.png  used on inpu
t line 530.
(pdftex.def)             Requested size: 260.39886pt x 93.8022pt.
<images/usecase/UC15_16.png, id=441, 560.0925pt x 302.12875pt>
File: images/usecase/UC15_16.png Graphic file (type png)
<use images/usecase/UC15_16.png>
Package pdftex.def Info: images/usecase/UC15_16.png  used on input line 557.
(pdftex.def)             Requested size: 260.39886pt x 140.46997pt.
 [20 <./images/usecase/UC14_inserimentoTesto.png> <./images/usecase/UC15_16.png
>] [21] [22]
! Package array Error:  Illegal pream-token (P): `c' used.

See the array package documentation for explanation.
Type  H <return>  for immediate help.
 ...                                              
                                                  
l.739 \end{tabularx}
                    
Try typing  <return>  to proceed.
If that doesn't work, type  X <return>  to quit.

! Package array Error:  Illegal pream-token (P): `c' used.

See the array package documentation for explanation.
Type  H <return>  for immediate help.
 ...                                              
                                                  
l.739 \end{tabularx}
                    
Try typing  <return>  to proceed.
If that doesn't work, type  X <return>  to quit.


! Package array Error:  Illegal pream-token (P): `c' used.

See the array package documentation for explanation.
Type  H <return>  for immediate help.
 ...                                              
                                                  
l.739 \end{tabularx}
                    
Try typing  <return>  to proceed.
If that doesn't work, type  X <return>  to quit.


Underfull \hbox (badness 10000) in paragraph at lines 739--741

 []

! Package array Error:  Illegal pream-token (P): `c' used.

See the array package documentation for explanation.
Type  H <return>  for immediate help.
 ...                                              
                                                  
l.795 \end{tabularx}
                    
Try typing  <return>  to proceed.
If that doesn't work, type  X <return>  to quit.

! Package array Error:  Illegal pream-token (P): `c' used.

See the array package documentation for explanation.
Type  H <return>  for immediate help.
 ...                                              
                                                  
l.795 \end{tabularx}
                    
Try typing  <return>  to proceed.
If that doesn't work, type  X <return>  to quit.


! Package array Error:  Illegal pream-token (P): `c' used.

See the array package documentation for explanation.
Type  H <return>  for immediate help.
 ...                                              
                                                  
l.795 \end{tabularx}
                    
Try typing  <return>  to proceed.
If that doesn't work, type  X <return>  to quit.


Underfull \hbox (badness 10000) in paragraph at lines 795--797

 []

[23]
! Package array Error:  Illegal pream-token (P): `c' used.

See the array package documentation for explanation.
Type  H <return>  for immediate help.
 ...                                              
                                                  
l.853 \end{tabularx}
                    
Try typing  <return>  to proceed.
If that doesn't work, type  X <return>  to quit.

! Package array Error:  Illegal pream-token (P): `c' used.

See the array package documentation for explanation.
Type  H <return>  for immediate help.
 ...                                              
                                                  
l.853 \end{tabularx}
                    
Try typing  <return>  to proceed.
If that doesn't work, type  X <return>  to quit.


! Package array Error:  Illegal pream-token (P): `c' used.

See the array package documentation for explanation.
Type  H <return>  for immediate help.
 ...                                              
                                                  
l.853 \end{tabularx}
                    
Try typing  <return>  to proceed.
If that doesn't work, type  X <return>  to quit.


Underfull \hbox (badness 10000) in paragraph at lines 853--855

 []

[24] [25]
! Package array Error:  Illegal pream-token (P): `c' used.

See the array package documentation for explanation.
Type  H <return>  for immediate help.
 ...                                              
                                                  
l.887 \end{tabularx}
                    
Try typing  <return>  to proceed.
If that doesn't work, type  X <return>  to quit.

! Package array Error:  Illegal pream-token (P): `c' used.

See the array package documentation for explanation.
Type  H <return>  for immediate help.
 ...                                              
                                                  
l.887 \end{tabularx}
                    
Try typing  <return>  to proceed.
If that doesn't work, type  X <return>  to quit.


! Package array Error:  Illegal pream-token (P): `c' used.

See the array package documentation for explanation.
Type  H <return>  for immediate help.
 ...                                              
                                                  
l.887 \end{tabularx}
                    
Try typing  <return>  to proceed.
If that doesn't work, type  X <return>  to quit.


Underfull \hbox (badness 10000) in paragraph at lines 887--889

 []

! Package array Error:  Illegal pream-token (P): `c' used.

See the array package documentation for explanation.
Type  H <return>  for immediate help.
 ...                                              
                                                  
l.920 \end{tabularx}
                    
Try typing  <return>  to proceed.
If that doesn't work, type  X <return>  to quit.

! Package array Error:  Illegal pream-token (P): `c' used.

See the array package documentation for explanation.
Type  H <return>  for immediate help.
 ...                                              
                                                  
l.920 \end{tabularx}
                    
Try typing  <return>  to proceed.
If that doesn't work, type  X <return>  to quit.


! Package array Error:  Illegal pream-token (P): `c' used.

See the array package documentation for explanation.
Type  H <return>  for immediate help.
 ...                                              
                                                  
l.920 \end{tabularx}
                    
Try typing  <return>  to proceed.
If that doesn't work, type  X <return>  to quit.


Underfull \hbox (badness 10000) in paragraph at lines 920--922

 []

! Package array Error:  Illegal pream-token (P): `c' used.

See the array package documentation for explanation.
Type  H <return>  for immediate help.
 ...                                              
                                                  
l.952 \end{tabularx}
                    
Try typing  <return>  to proceed.
If that doesn't work, type  X <return>  to quit.

! Package array Error:  Illegal pream-token (P): `c' used.

See the array package documentation for explanation.
Type  H <return>  for immediate help.
 ...                                              
                                                  
l.952 \end{tabularx}
                    
Try typing  <return>  to proceed.
If that doesn't work, type  X <return>  to quit.


! Package array Error:  Illegal pream-token (P): `c' used.

See the array package documentation for explanation.
Type  H <return>  for immediate help.
 ...                                              
                                                  
l.952 \end{tabularx}
                    
Try typing  <return>  to proceed.
If that doesn't work, type  X <return>  to quit.


Underfull \hbox (badness 6396) in paragraph at lines 952--952
[]|\T1/cmr/m/n/10 (+20) Il mo-du-lo per-met-te l'e-li-mi-na-zio-ne del com-men-
to al-l'u-ten-te
 []


Underfull \hbox (badness 10000) in paragraph at lines 952--954

 []

[26]) (./chapters/product-prototype.tex [27]
Capitolo 4.

Underfull \hbox (badness 10000) in paragraph at lines 4--5

 []

! Missing \endcsname inserted.
<to be read again> 
                   \aftergroup 
l.17 ...ione di pagine web \textit{responsive\gls}
                                                  . \\
The control sequence marked <to be read again> should
not appear between \csname and \endcsname.


! Package glossaries Error: Glossary entry `\aftergroup \futurelet ' has not be
en defined.

See the glossaries package documentation for explanation.
Type  H <return>  for immediate help.
 ...                                              
                                                  
l.17 ...ione di pagine web \textit{responsive\gls}
                                                  . \\
You need to define a glossary entry before you can use it.

! Missing \endcsname inserted.
<to be read again> 
                   \aftergroup 
l.18 ... inserite all'interno del \textit{tag\gls}
                                                   "class" di HTML di un ele...
The control sequence marked <to be read again> should
not appear between \csname and \endcsname.


! Package glossaries Error: Glossary entry `\aftergroup \futurelet ' has not be
en defined.

See the glossaries package documentation for explanation.
Type  H <return>  for immediate help.
 ...                                              
                                                  
l.18 ... inserite all'interno del \textit{tag\gls}
                                                   "class" di HTML di un ele...

You need to define a glossary entry before you can use it.

! Missing \endcsname inserted.
<to be read again> 
                   \aftergroup 
l.22 ...o di soddisfare delle \textit{request\gls}
                                                   \textit{HTTP\gls} proveni...
The control sequence marked <to be read again> should
not appear between \csname and \endcsname.


! Package glossaries Error: Glossary entry `\aftergroup \futurelet ' has not be
en defined.

See the glossaries package documentation for explanation.
Type  H <return>  for immediate help.
 ...                                              
                                                  
l.22 ...o di soddisfare delle \textit{request\gls}
                                                   \textit{HTTP\gls} proveni...

You need to define a glossary entry before you can use it.

! Missing \endcsname inserted.
<to be read again> 
                   \aftergroup 
l.22 ...lle \textit{request\gls} \textit{HTTP\gls}
                                                   proveniente dal web. Ogni...
The control sequence marked <to be read again> should
not appear between \csname and \endcsname.


! Package glossaries Error: Glossary entry `\aftergroup \futurelet ' has not be
en defined.

See the glossaries package documentation for explanation.
Type  H <return>  for immediate help.
 ...                                              
                                                  
l.22 ...lle \textit{request\gls} \textit{HTTP\gls}
                                                   proveniente dal web. Ogni...

You need to define a glossary entry before you can use it.

[28

]
! Undefined control sequence.
l.26 ...nzionalit per applicazioni web in \texit
                                                  {JAVA EE}.
The control sequence at the end of the top line
of your error message was never \def'ed. If you have
misspelled it (e.g., `\hobx'), type `I' and the correct
spelling (e.g., `I\hbox'). Otherwise just continue,
and I'll forget about whatever was undefined.

! Missing \endcsname inserted.
<to be read again> 
                   \aftergroup 
l.31 \item \textit{Request Handler\gls}
                                       : viene mappato ad un URI dallo svilu...
The control sequence marked <to be read again> should
not appear between \csname and \endcsname.


! Package glossaries Error: Glossary entry `\aftergroup \futurelet ' has not be
en defined.

See the glossaries package documentation for explanation.
Type  H <return>  for immediate help.
 ...                                              
                                                  
l.31 \item \textit{Request Handler\gls}
                                       : viene mappato ad un URI dallo svilu...

You need to define a glossary entry before you can use it.

! Missing \endcsname inserted.
<to be read again> 
                   \aftergroup 
l.32 \item \textit{Response Handler\gls}
                                        : la risposta viene passata ad un'al...
The control sequence marked <to be read again> should
not appear between \csname and \endcsname.


! Package glossaries Error: Glossary entry `\aftergroup \futurelet ' has not be
en defined.

See the glossaries package documentation for explanation.
Type  H <return>  for immediate help.
 ...                                              
                                                  
l.32 \item \textit{Response Handler\gls}
                                        : la risposta viene passata ad un'al...

You need to define a glossary entry before you can use it.

! Undefined control sequence.
l.40 ...RY Taconite} permette di aggiornare \texit
                                                  {DOM} multipli utilizzando...
The control sequence at the end of the top line
of your error message was never \def'ed. If you have
misspelled it (e.g., `\hobx'), type `I' and the correct
spelling (e.g., `I\hbox'). Otherwise just continue,
and I'll forget about whatever was undefined.

! Missing \endcsname inserted.
<to be read again> 
                   \aftergroup 
l.44 ...i eseguire le operazioni \textit{CRUD\gls}
                                                  , andando a generare query...
The control sequence marked <to be read again> should
not appear between \csname and \endcsname.


! Package glossaries Error: Glossary entry `\aftergroup \futurelet ' has not be
en defined.

See the glossaries package documentation for explanation.
Type  H <return>  for immediate help.
 ...                                              
                                                  
l.44 ...i eseguire le operazioni \textit{CRUD\gls}
                                                  , andando a generare query...

You need to define a glossary entry before you can use it.


! Package glossaries Error: Glossary entry `' has not been defined.

See the glossaries package documentation for explanation.
Type  H <return>  for immediate help.
 ...                                              
                                                  
l.47 \textit{Spring}\gls 
                            un framework volto ad aiutare lo sviluppo di app...

You need to define a glossary entry before you can use it.


! LaTeX Error: Invalid UTF-8 byte "A8.

See the LaTeX manual or LaTeX Companion for explanation.
Type  H <return>  for immediate help.
 ...                                              
                                                  
l.47 \textit{Spring}\gls 
                            un framework volto ad aiutare lo sviluppo di app...

The document does not appear to be in UTF-8 encoding.
Try adding \UseRawInputEncoding as the first line of the file
or specify an encoding such as \usepackage [latin1]{inputenc}
in the document preamble.
Alternatively, save the file in UTF-8 using your editor or another tool

! Missing \endcsname inserted.
<to be read again> 
                   \aftergroup 
l.48 ...e, detti anche \textit{\textbf{beans}\gls}
                                                  .
The control sequence marked <to be read again> should
not appear between \csname and \endcsname.


! Package glossaries Error: Glossary entry `\aftergroup \futurelet ' has not be
en defined.

See the glossaries package documentation for explanation.
Type  H <return>  for immediate help.
 ...                                              
                                                  
l.48 ...e, detti anche \textit{\textbf{beans}\gls}
                                                  .
You need to define a glossary entry before you can use it.

[29] [30]
<images/diagrammaBase.png, id=513, 563.10374pt x 563.10374pt>
File: images/diagrammaBase.png Graphic file (type png)
<use images/diagrammaBase.png>
Package pdftex.def Info: images/diagrammaBase.png  used on input line 100.
(pdftex.def)             Requested size: 409.20227pt x 409.20639pt.

Overfull \hbox (37.20227pt too wide) in paragraph at lines 100--102
 [][] 
 []

[31] [32 <./images/diagrammaBase.png>]
<images/diagrammaEvoBase.png, id=525, 763.85374pt x 897.3525pt>
File: images/diagrammaEvoBase.png Graphic file (type png)
<use images/diagrammaEvoBase.png>
Package pdftex.def Info: images/diagrammaEvoBase.png  used on input line 114.
(pdftex.def)             Requested size: 409.20227pt x 480.71555pt.

Overfull \hbox (37.20227pt too wide) in paragraph at lines 114--116
 [][] 
 []

[33 <./images/diagrammaEvoBase.png>] [34] [35] [36]
<images/MVC.png, id=545, 803.0pt x 919.435pt>
File: images/MVC.png Graphic file (type png)
<use images/MVC.png>
Package pdftex.def Info: images/MVC.png  used on input line 341.
(pdftex.def)             Requested size: 148.79773pt x 170.3734pt.
<images/SchemaModel.png, id=546, 451.6875pt x 299.1175pt>
File: images/SchemaModel.png Graphic file (type png)
<use images/SchemaModel.png>
Package pdftex.def Info: images/SchemaModel.png  used on input line 360.
(pdftex.def)             Requested size: 223.20227pt x 147.8103pt.
 [37 <./images/MVC.png>]
LaTeX Font Info:    Trying to load font information for T1+cmtt on input line 3
73.

(c:/texlive/2023/texmf-dist/tex/latex/base/t1cmtt.fd
File: t1cmtt.fd 2023/04/13 v2.5m Standard LaTeX font definitions
)
Package microtype Info: Loading generic protrusion settings for font family
(microtype)             `cmtt' (encoding: T1).
(microtype)             For optimal results, create family-specific settings.
(microtype)             See the microtype manual for details.
LaTeX Font Info:    Font shape `T1/cmtt/bx/n' in size <10> not available
(Font)              Font shape `T1/cmtt/m/n' tried instead on input line 377.

Underfull \hbox (badness 10000) in paragraph at lines 365--382

 []


Underfull \hbox (badness 10000) in paragraph at lines 365--382

 []


Underfull \hbox (badness 10000) in paragraph at lines 365--382

 []

[38 <./images/SchemaModel.png>]
Underfull \hbox (badness 10000) in paragraph at lines 383--388

 []


Underfull \hbox (badness 10000) in paragraph at lines 389--391

 []


Underfull \hbox (badness 10000) in paragraph at lines 392--394

 []


Underfull \hbox (badness 10000) in paragraph at lines 400--401

 []


Underfull \hbox (badness 10000) in paragraph at lines 402--406

 []


Underfull \hbox (badness 10000) in paragraph at lines 407--409

 []

[39]
! Undefined control sequence.
<recently read> \textttTicketAction 
                                    
l.425 \item \textttTicketAction
                               }: la classe non presenta la nomenclatura \te...
The control sequence at the end of the top line
of your error message was never \def'ed. If you have
misspelled it (e.g., `\hobx'), type `I' and the correct
spelling (e.g., `I\hbox'). Otherwise just continue,
and I'll forget about whatever was undefined.

! Extra }, or forgotten \endgroup.
l.425 \item \textttTicketAction}
                                : la classe non presenta la nomenclatura \te...
I've deleted a group-closing symbol because it seems to be
spurious, as in `$x}$'. But perhaps the } is legitimate and
you forgot something else, as in `\hbox{$x}'. In such cases
the way to recover is to insert both the forgotten and the
deleted material, e.g., by typing `I$}'.


Underfull \hbox (badness 10000) in paragraph at lines 436--440

 []

[40]
Underfull \hbox (badness 10000) in paragraph at lines 441--447

 []


Underfull \hbox (badness 10000) in paragraph at lines 452--454

 []


! LaTeX Error: There's no line here to end.

See the LaTeX manual or LaTeX Companion for explanation.
Type  H <return>  for immediate help.
 ...                                              
                                                  
l.460 \noindent
               
Your command was ignored.
Type  I <command> <return>  to replace it with another command,
or  <return>  to continue without it.

[41]
<images/decorator.png, id=578, 1027.84pt x 814.04124pt>
File: images/decorator.png Graphic file (type png)
<use images/decorator.png>
Package pdftex.def Info: images/decorator.png  used on input line 475.
(pdftex.def)             Requested size: 223.20227pt x 176.76685pt.
<images/DAO.jpg, id=579, 436.029pt x 202.356pt>
File: images/DAO.jpg Graphic file (type jpg)
<use images/DAO.jpg>
Package pdftex.def Info: images/DAO.jpg  used on input line 491.
(pdftex.def)             Requested size: 260.39886pt x 120.85565pt.
 [42 <./images/decorator.png>]) (./chapters/product-design.tex [43 <./images/DA
O.jpg>]
Capitolo 5.
<images/debug.png, id=592, 574.5465pt x 524.96124pt>
File: images/debug.png Graphic file (type png)
<use images/debug.png>
Package pdftex.def Info: images/debug.png  used on input line 21.
(pdftex.def)             Requested size: 260.39886pt x 237.92854pt.
[44

]) (./chapters/prodotto-finale.tex [45 <./images/debug.png>]
Capitolo 6.
<images/ticketApertidaMe1.png, id=601, 649.67719pt x 271.0125pt>
File: images/ticketApertidaMe1.png Graphic file (type png)
<use images/ticketApertidaMe1.png>
Package pdftex.def Info: images/ticketApertidaMe1.png  used on input line 21.
(pdftex.def)             Requested size: 409.20227pt x 170.70155pt.
<images/ticketApertidaMe2.png, id=602, 684.30656pt x 271.0125pt>
File: images/ticketApertidaMe2.png Graphic file (type png)
<use images/ticketApertidaMe2.png>
Package pdftex.def Info: images/ticketApertidaMe2.png  used on input line 22.
(pdftex.def)             Requested size: 409.20227pt x 162.06288pt.

Overfull \hbox (37.20227pt too wide) in paragraph at lines 21--23
 [][] 
 []


Overfull \hbox (37.20227pt too wide) in paragraph at lines 21--23
 [] 
 []

[46

]
<images/menu.png, id=608, 344.03531pt x 161.10187pt>
File: images/menu.png Graphic file (type png)
<use images/menu.png>
Package pdftex.def Info: images/menu.png  used on input line 31.
(pdftex.def)             Requested size: 260.39886pt x 121.93721pt.
 [47 <./images/ticketApertidaMe1.PNG> <./images/ticketApertidaMe2.PNG> <./image
s/menu.PNG>]
<images/NewTicket-Step1.png, id=616, 438.8897pt x 402.75468pt>
File: images/NewTicket-Step1.png Graphic file (type png)
<use images/NewTicket-Step1.png>
Package pdftex.def Info: images/NewTicket-Step1.png  used on input line 48.
(pdftex.def)             Requested size: 260.39886pt x 238.96292pt.
<images/newTicket-Step2-prima parte.png, id=617, 1346.78156pt x 438.13687pt>
File: images/newTicket-Step2-prima parte.png Graphic file (type png)
<use images/newTicket-Step2-prima parte.png>
Package pdftex.def Info: images/newTicket-Step2-prima parte.png  used on input 
line 56.
(pdftex.def)             Requested size: 558.0pt x 181.52925pt.

Overfull \hbox (186.0pt too wide) in paragraph at lines 56--57
 [][] 
 []

<images/newTicket-Step2-seconda parte.png, id=618, 1344.52313pt x 220.57407pt>
File: images/newTicket-Step2-seconda parte.png Graphic file (type png)
<use images/newTicket-Step2-seconda parte.png>
Package pdftex.def Info: images/newTicket-Step2-seconda parte.png  used on inpu
t line 63.
(pdftex.def)             Requested size: 558.0pt x 91.54326pt.

Overfull \hbox (186.0pt too wide) in paragraph at lines 63--64
 [][] 
 []

[48 <./images/NewTicket-Step1.PNG> <./images/newTicket-Step2-prima parte.PNG>]
<images/ricercaTicket1.1.png, id=628, 191.9672pt x 328.22626pt>
File: images/ricercaTicket1.1.png Graphic file (type png)
<use images/ricercaTicket1.1.png>
Package pdftex.def Info: images/ricercaTicket1.1.png  used on input line 74.
(pdftex.def)             Requested size: 130.20227pt x 222.63496pt.
<images/ricercaTicket1.2.png, id=629, 191.9672pt x 321.45094pt>
File: images/ricercaTicket1.2.png Graphic file (type png)
<use images/ricercaTicket1.2.png>
Package pdftex.def Info: images/ricercaTicket1.2.png  used on input line 75.
(pdftex.def)             Requested size: 130.20227pt x 218.03929pt.
<images/ricercaTicket2.png, id=630, 1153.30875pt x 420.82219pt>
File: images/ricercaTicket2.png Graphic file (type png)
<use images/ricercaTicket2.png>
Package pdftex.def Info: images/ricercaTicket2.png  used on input line 80.
(pdftex.def)             Requested size: 483.60114pt x 176.45515pt.

Overfull \hbox (111.60114pt too wide) in paragraph at lines 80--81
[][] 
 []

[49 <./images/newTicket-Step2-seconda parte.PNG> <./images/ricercaTicket1.1.PNG
> <./images/ricercaTicket1.2.PNG>]
<images/dettaglioTicket1.png, id=639, 464.4853pt x 46.67438pt>
File: images/dettaglioTicket1.png Graphic file (type png)
<use images/dettaglioTicket1.png>
Package pdftex.def Info: images/dettaglioTicket1.png  used on input line 111.
(pdftex.def)             Requested size: 409.20227pt x 41.11984pt.
<images/dettaglioTicket2.png, id=640, 322.20375pt x 43.66313pt>
File: images/dettaglioTicket2.png Graphic file (type png)
<use images/dettaglioTicket2.png>
Package pdftex.def Info: images/dettaglioTicket2.png  used on input line 112.
(pdftex.def)             Requested size: 260.39886pt x 35.28897pt.

Overfull \hbox (37.20227pt too wide) in paragraph at lines 111--113
 [][] 
 []

[50 <./images/ricercaTicket2.PNG>]
<images/dettaglioTicket3.png, id=646, 1342.2647pt x 183.68625pt>
File: images/dettaglioTicket3.png Graphic file (type png)
<use images/dettaglioTicket3.png>
Package pdftex.def Info: images/dettaglioTicket3.png  used on input line 122.
(pdftex.def)             Requested size: 465.0pt x 63.63248pt.

Overfull \hbox (93.0pt too wide) in paragraph at lines 122--123
 [][] 
 []

<images/dettaglioTicket4.png, id=647, 536.0025pt x 179.92218pt>
File: images/dettaglioTicket4.png Graphic file (type png)
<use images/dettaglioTicket4.png>
Package pdftex.def Info: images/dettaglioTicket4.png  used on input line 131.
(pdftex.def)             Requested size: 446.39886pt x 149.84326pt.

Overfull \hbox (74.39886pt too wide) in paragraph at lines 131--132
 [][] 
 []

[51 <./images/dettaglioTicket1.PNG> <./images/dettaglioTicket2.PNG> <./images/d
ettaglioTicket3.PNG> <./images/dettaglioTicket4.PNG>]
<images/nota.png, id=656, 489.32813pt x 416.30531pt>
File: images/nota.png Graphic file (type png)
<use images/nota.png>
Package pdftex.def Info: images/nota.png  used on input line 141.
(pdftex.def)             Requested size: 297.60114pt x 253.19629pt.
)
(./chapters/conclusioni.tex [52 <./images/nota.PNG>]
Capitolo 7.
[53

] [54] [55

]) (./chapters/glossario.tex [56


]) (./appendix/bibliography.tex
[57]
! You can't use `macro parameter character #' in horizontal mode.
l.13 \item http://malsup.com/jquery/taconite/#
                                              overview;
Sorry, but I'm not programmed to handle this case;
I'll just pretend that you didn't ask for it.
If you're in the wrong mode, you might be able to
return to the right one by typing `I}' or `I$' or `I\par'.


Overfull \hbox (7.07024pt too wide) in paragraph at lines 26--27
[]\T1/cmr/m/n/10 (-20) https://www.ionos.it/digitalguide/siti-web/programmazion
e-del-sito-web/che-cosa-
 []


Overfull \hbox (0.10721pt too wide) in paragraph at lines 28--29
[]\T1/cmr/m/n/10 (-16) https://learn.microsoft.com/en-us/dotnet/core/extensions
/dependency-injection; 
 []

! You can't use `macro parameter character #' in horizontal mode.
l.30 ...wikipedia.org/wiki/Inversion\_of\_control#
                                                  ;
Sorry, but I'm not programmed to handle this case;
I'll just pretend that you didn't ask for it.
If you're in the wrong mode, you might be able to
return to the right one by typing `I}' or `I$' or `I\par'.

[58


]

Package biblatex Warning: Type 'book' not found on input line 40.


LaTeX Warning: Empty bibliography on input line 40.


Package biblatex Warning: Type 'online' not found on input line 43.


LaTeX Warning: Empty bibliography on input line 43.

) [59] (./thesis.aux)
 ***********
LaTeX2e <2023-06-01> patch level 1
L3 programming layer <2023-06-30>
 ***********


LaTeX Warning: There were undefined references.


LaTeX Warning: There were multiply-defined labels.


Package biblatex Warning: Please (re)run Biber on the file:
(biblatex)                thesis
(biblatex)                and rerun LaTeX afterwards.

Package logreq Info: Writing requests to 'thesis.run.xml'.
\openout1 = `thesis.run.xml'.

 ) )
(\end occurred when \if on line 11 was incomplete)
(\end occurred when \ifdefined on line 1 was incomplete) 
Here is how much of TeX's memory you used:
 39311 strings out of 475237
 690823 string characters out of 5768555
 1933238 words of memory out of 5000000
 59378 multiletter control sequences out of 15000+600000
 590192 words of font info for 208 fonts, out of 8000000 for 9000
 1143 hyphenation exceptions out of 8191
 99i,15n,125p,2259b,3164s stack positions out of 10000i,1000n,20000p,200000b,200000s
<c:/texlive/2023/texmf-
dist/fonts/type1/public/cm-super/sfbi0700.pfb><c:/texlive/2023/texmf-dist/fonts
/type1/public/cm-super/sfbi1000.pfb><c:/texlive/2023/texmf-dist/fonts/type1/pub
lic/cm-super/sfbx0700.pfb><c:/texlive/2023/texmf-dist/fonts/type1/public/cm-sup
er/sfbx0900.pfb><c:/texlive/2023/texmf-dist/fonts/type1/public/cm-super/sfbx100
0.pfb><c:/texlive/2023/texmf-dist/fonts/type1/public/cm-super/sfbx1200.pfb><c:/
texlive/2023/texmf-dist/fonts/type1/public/cm-super/sfbx1440.pfb><c:/texlive/20
23/texmf-dist/fonts/type1/public/cm-super/sfbx1728.pfb><c:/texlive/2023/texmf-d
ist/fonts/type1/public/cm-super/sfbx2074.pfb><c:/texlive/2023/texmf-dist/fonts/
type1/public/cm-super/sfbx2488.pfb><c:/texlive/2023/texmf-dist/fonts/type1/publ
ic/cm-super/sfcc1000.pfb><c:/texlive/2023/texmf-dist/fonts/type1/public/cm-supe
r/sfcc1200.pfb><c:/texlive/2023/texmf-dist/fonts/type1/public/cm-super/sfcc1440
.pfb><c:/texlive/2023/texmf-dist/fonts/type1/public/cm-super/sfrm0700.pfb><c:/t
exlive/2023/texmf-dist/fonts/type1/public/cm-super/sfrm0900.pfb><c:/texlive/202
3/texmf-dist/fonts/type1/public/cm-super/sfrm1000.pfb><c:/texlive/2023/texmf-di
st/fonts/type1/public/cm-super/sfrm1200.pfb><c:/texlive/2023/texmf-dist/fonts/t
ype1/public/cm-super/sfsl1000.pfb><c:/texlive/2023/texmf-dist/fonts/type1/publi
c/cm-super/sfsl1200.pfb><c:/texlive/2023/texmf-dist/fonts/type1/public/cm-super
/sfti0700.pfb><c:/texlive/2023/texmf-dist/fonts/type1/public/cm-super/sfti1000.
pfb><c:/texlive/2023/texmf-dist/fonts/type1/public/cm-super/sfti1200.pfb><c:/te
xlive/2023/texmf-dist/fonts/type1/public/cm-super/sftt1000.pfb>
Output written on thesis.pdf (68 pages, 3319795 bytes).
PDF statistics:
 1020 PDF objects out of 1200 (max. 8388607)
 817 compressed objects within 9 object streams
 267 named destinations out of 1000 (max. 500000)
 62568 words of extra memory for PDF output out of 74296 (max. 10000000)

